0 info it worked if it ends with ok
1 verbose cli [ 'C:\\Program Files\\nodejs\\node.exe',
1 verbose cli   'C:\\Program Files\\nodejs\\node_modules\\npm\\bin\\npm-cli.js',
1 verbose cli   'install' ]
2 info using npm@2.15.1
3 info using node@v4.4.3
4 verbose readDependencies loading dependencies from C:\Users\Daniel\documents\foos\package.json
5 warn package.json foos@1.0.0 No description
6 warn package.json foos@1.0.0 No README data
7 verbose install where, deps [ 'C:\\Users\\Daniel\\documents\\foos',
7 verbose install   [ 'bcrypt',
7 verbose install     'bcryptjs',
7 verbose install     'body-parser',
7 verbose install     'cors',
7 verbose install     'express',
7 verbose install     'express-session',
7 verbose install     'mongoose',
7 verbose install     'passport',
7 verbose install     'passport-local',
7 verbose install     'gulp',
7 verbose install     'gulp-babel',
7 verbose install     'gulp-concat',
7 verbose install     'gulp-less',
7 verbose install     'gulp-ng-annotate',
7 verbose install     'gulp-plumber',
7 verbose install     'gulp-sass',
7 verbose install     'gulp-uglify',
7 verbose install     'gulp-watch' ] ]
8 verbose install where, peers [ 'C:\\Users\\Daniel\\documents\\foos', [] ]
9 verbose installManyTop reading for lifecycle C:\Users\Daniel\documents\foos\package.json
10 info preinstall foos@1.0.0
11 verbose installManyTop reading scoped package data from C:\Users\Daniel\documents\foos\node_modules\bcryptjs\package.json
12 verbose installManyTop reading scoped package data from C:\Users\Daniel\documents\foos\node_modules\body-parser\package.json
13 verbose installManyTop reading scoped package data from C:\Users\Daniel\documents\foos\node_modules\cors\package.json
14 verbose installManyTop reading scoped package data from C:\Users\Daniel\documents\foos\node_modules\express\package.json
15 verbose installManyTop reading scoped package data from C:\Users\Daniel\documents\foos\node_modules\express-session\package.json
16 verbose installManyTop reading scoped package data from C:\Users\Daniel\documents\foos\node_modules\gulp\package.json
17 verbose installManyTop reading scoped package data from C:\Users\Daniel\documents\foos\node_modules\gulp-babel\package.json
18 verbose installManyTop reading scoped package data from C:\Users\Daniel\documents\foos\node_modules\gulp-concat\package.json
19 verbose installManyTop reading scoped package data from C:\Users\Daniel\documents\foos\node_modules\gulp-less\package.json
20 verbose installManyTop reading scoped package data from C:\Users\Daniel\documents\foos\node_modules\gulp-ng-annotate\package.json
21 verbose installManyTop reading scoped package data from C:\Users\Daniel\documents\foos\node_modules\gulp-plumber\package.json
22 verbose installManyTop reading scoped package data from C:\Users\Daniel\documents\foos\node_modules\gulp-sass\package.json
23 verbose installManyTop reading scoped package data from C:\Users\Daniel\documents\foos\node_modules\gulp-uglify\package.json
24 verbose installManyTop reading scoped package data from C:\Users\Daniel\documents\foos\node_modules\gulp-watch\package.json
25 verbose installManyTop reading scoped package data from C:\Users\Daniel\documents\foos\node_modules\mongoose\package.json
26 verbose installManyTop reading scoped package data from C:\Users\Daniel\documents\foos\node_modules\passport\package.json
27 verbose installManyTop reading scoped package data from C:\Users\Daniel\documents\foos\node_modules\passport-local\package.json
28 info package.json passport-local@1.0.0 No license field.
29 verbose readDependencies loading dependencies from C:\Users\Daniel\documents\foos\package.json
30 verbose targetResolver reading package data from C:\Users\Daniel\documents\foos\node_modules\bcryptjs\package.json
31 verbose targetResolver reading package data from C:\Users\Daniel\documents\foos\node_modules\body-parser\package.json
32 verbose targetResolver reading package data from C:\Users\Daniel\documents\foos\node_modules\cors\package.json
33 verbose targetResolver reading package data from C:\Users\Daniel\documents\foos\node_modules\express\package.json
34 verbose targetResolver reading package data from C:\Users\Daniel\documents\foos\node_modules\express-session\package.json
35 verbose targetResolver reading package data from C:\Users\Daniel\documents\foos\node_modules\gulp\package.json
36 verbose targetResolver reading package data from C:\Users\Daniel\documents\foos\node_modules\gulp-babel\package.json
37 verbose targetResolver reading package data from C:\Users\Daniel\documents\foos\node_modules\gulp-concat\package.json
38 verbose targetResolver reading package data from C:\Users\Daniel\documents\foos\node_modules\gulp-less\package.json
39 verbose targetResolver reading package data from C:\Users\Daniel\documents\foos\node_modules\gulp-ng-annotate\package.json
40 verbose targetResolver reading package data from C:\Users\Daniel\documents\foos\node_modules\gulp-plumber\package.json
41 verbose targetResolver reading package data from C:\Users\Daniel\documents\foos\node_modules\gulp-sass\package.json
42 verbose targetResolver reading package data from C:\Users\Daniel\documents\foos\node_modules\gulp-uglify\package.json
43 verbose targetResolver reading package data from C:\Users\Daniel\documents\foos\node_modules\gulp-watch\package.json
44 verbose targetResolver reading package data from C:\Users\Daniel\documents\foos\node_modules\mongoose\package.json
45 verbose targetResolver reading package data from C:\Users\Daniel\documents\foos\node_modules\passport\package.json
46 verbose targetResolver reading package data from C:\Users\Daniel\documents\foos\node_modules\passport-local\package.json
47 verbose targetResolver reading package data from C:\Users\Daniel\documents\foos\node_modules\.bin\gulp\package.json
48 verbose targetResolver reading package data from C:\Users\Daniel\documents\foos\node_modules\.bin\gulp.cmd\package.json
49 verbose already installed skipping mongoose@^4.5.4 C:\Users\Daniel\documents\foos
50 verbose already installed skipping passport@^0.3.2 C:\Users\Daniel\documents\foos
51 verbose already installed skipping passport-local@^1.0.0 C:\Users\Daniel\documents\foos
52 verbose already installed skipping gulp@^3.9.0 C:\Users\Daniel\documents\foos
53 verbose already installed skipping gulp-babel@^6.1.2 C:\Users\Daniel\documents\foos
54 verbose already installed skipping gulp-concat@^2.6.0 C:\Users\Daniel\documents\foos
55 verbose already installed skipping gulp-less@^3.1.0 C:\Users\Daniel\documents\foos
56 verbose already installed skipping gulp-ng-annotate@^1.1.0 C:\Users\Daniel\documents\foos
57 verbose already installed skipping gulp-plumber@^1.0.1 C:\Users\Daniel\documents\foos
58 verbose already installed skipping gulp-sass@^2.1.1 C:\Users\Daniel\documents\foos
59 verbose already installed skipping gulp-uglify@^1.5.1 C:\Users\Daniel\documents\foos
60 verbose already installed skipping gulp-watch@^4.3.5 C:\Users\Daniel\documents\foos
61 silly cache add args [ 'bcrypt@^0.8.7', null ]
62 verbose cache add spec bcrypt@^0.8.7
63 silly cache add parsed spec Result {
63 silly cache add   raw: 'bcrypt@^0.8.7',
63 silly cache add   scope: null,
63 silly cache add   name: 'bcrypt',
63 silly cache add   rawSpec: '^0.8.7',
63 silly cache add   spec: '>=0.8.7 <0.9.0',
63 silly cache add   type: 'range' }
64 silly addNamed bcrypt@>=0.8.7 <0.9.0
65 verbose addNamed ">=0.8.7 <0.9.0" is a valid semver range for bcrypt
66 silly addNameRange { name: 'bcrypt', range: '>=0.8.7 <0.9.0', hasData: false }
67 silly mapToRegistry name bcrypt
68 silly mapToRegistry using default registry
69 silly mapToRegistry registry https://registry.npmjs.org/
70 silly mapToRegistry data Result {
70 silly mapToRegistry   raw: 'bcrypt',
70 silly mapToRegistry   scope: null,
70 silly mapToRegistry   name: 'bcrypt',
70 silly mapToRegistry   rawSpec: '',
70 silly mapToRegistry   spec: 'latest',
70 silly mapToRegistry   type: 'tag' }
71 silly mapToRegistry uri https://registry.npmjs.org/bcrypt
72 verbose addNameRange registry:https://registry.npmjs.org/bcrypt not in flight; fetching
73 verbose already installed skipping bcryptjs@^2.3.0 C:\Users\Daniel\documents\foos
74 verbose already installed skipping body-parser@^1.15.2 C:\Users\Daniel\documents\foos
75 verbose already installed skipping cors@^2.7.1 C:\Users\Daniel\documents\foos
76 verbose already installed skipping express@^4.14.0 C:\Users\Daniel\documents\foos
77 verbose already installed skipping express-session@^1.14.0 C:\Users\Daniel\documents\foos
78 verbose request uri https://registry.npmjs.org/bcrypt
79 verbose request no auth needed
80 info attempt registry request try #1 at 4:07:22 PM
81 verbose request id 6f2e5284ae68895b
82 verbose etag "2VUYIPMRT8KEG0NE3MENVNAOP"
83 http request GET https://registry.npmjs.org/bcrypt
84 http 304 https://registry.npmjs.org/bcrypt
85 verbose headers { date: 'Fri, 22 Jul 2016 22:07:20 GMT',
85 verbose headers   via: '1.1 varnish',
85 verbose headers   'cache-control': 'max-age=300',
85 verbose headers   etag: '"2VUYIPMRT8KEG0NE3MENVNAOP"',
85 verbose headers   age: '67',
85 verbose headers   connection: 'keep-alive',
85 verbose headers   'x-served-by': 'cache-ord1736-ORD',
85 verbose headers   'x-cache': 'HIT',
85 verbose headers   'x-cache-hits': '1',
85 verbose headers   'x-timer': 'S1469225240.168776,VS0,VE0',
85 verbose headers   vary: 'Accept-Encoding' }
86 silly get cb [ 304,
86 silly get   { date: 'Fri, 22 Jul 2016 22:07:20 GMT',
86 silly get     via: '1.1 varnish',
86 silly get     'cache-control': 'max-age=300',
86 silly get     etag: '"2VUYIPMRT8KEG0NE3MENVNAOP"',
86 silly get     age: '67',
86 silly get     connection: 'keep-alive',
86 silly get     'x-served-by': 'cache-ord1736-ORD',
86 silly get     'x-cache': 'HIT',
86 silly get     'x-cache-hits': '1',
86 silly get     'x-timer': 'S1469225240.168776,VS0,VE0',
86 silly get     vary: 'Accept-Encoding' } ]
87 verbose etag https://registry.npmjs.org/bcrypt from cache
88 verbose get saving bcrypt to C:\Users\Daniel\AppData\Roaming\npm-cache\registry.npmjs.org\bcrypt\.cache.json
89 verbose correctMkdir C:\Users\Daniel\AppData\Roaming\npm-cache correctMkdir not in flight; initializing
90 silly addNameRange number 2 { name: 'bcrypt', range: '>=0.8.7 <0.9.0', hasData: true }
91 silly addNameRange versions [ 'bcrypt',
91 silly addNameRange   [ '0.1.2',
91 silly addNameRange     '0.2.0',
91 silly addNameRange     '0.2.1',
91 silly addNameRange     '0.1.3',
91 silly addNameRange     '0.2.2',
91 silly addNameRange     '0.2.3',
91 silly addNameRange     '0.2.4',
91 silly addNameRange     '0.3.0',
91 silly addNameRange     '0.3.1',
91 silly addNameRange     '0.3.2',
91 silly addNameRange     '0.4.0',
91 silly addNameRange     '0.4.1',
91 silly addNameRange     '0.5.0',
91 silly addNameRange     '0.6.0',
91 silly addNameRange     '0.7.0',
91 silly addNameRange     '0.7.1',
91 silly addNameRange     '0.7.2',
91 silly addNameRange     '0.7.3',
91 silly addNameRange     '0.7.4',
91 silly addNameRange     '0.7.5',
91 silly addNameRange     '0.7.6',
91 silly addNameRange     '0.7.7',
91 silly addNameRange     '0.7.8',
91 silly addNameRange     '0.8.0',
91 silly addNameRange     '0.8.1',
91 silly addNameRange     '0.8.2',
91 silly addNameRange     '0.8.3',
91 silly addNameRange     '0.8.4',
91 silly addNameRange     '0.8.5',
91 silly addNameRange     '0.8.6',
91 silly addNameRange     '0.8.7' ] ]
92 silly addNamed bcrypt@0.8.7
93 verbose addNamed "0.8.7" is a plain semver version for bcrypt
94 silly cache afterAdd bcrypt@0.8.7
95 verbose afterAdd C:\Users\Daniel\AppData\Roaming\npm-cache\bcrypt\0.8.7\package\package.json not in flight; writing
96 verbose correctMkdir C:\Users\Daniel\AppData\Roaming\npm-cache correctMkdir not in flight; initializing
97 verbose afterAdd C:\Users\Daniel\AppData\Roaming\npm-cache\bcrypt\0.8.7\package\package.json written
98 silly install resolved [ { name: 'bcrypt',
98 silly install resolved     description: 'A bcrypt library for NodeJS.',
98 silly install resolved     keywords:
98 silly install resolved      [ 'bcrypt',
98 silly install resolved        'password',
98 silly install resolved        'auth',
98 silly install resolved        'authentication',
98 silly install resolved        'encryption',
98 silly install resolved        'crypt',
98 silly install resolved        'crypto' ],
98 silly install resolved     main: './bcrypt',
98 silly install resolved     version: '0.8.7',
98 silly install resolved     author: { name: 'Nick Campbell', url: 'https://github.com/ncb000gt' },
98 silly install resolved     engines: { node: '>= 0.6.0' },
98 silly install resolved     repository:
98 silly install resolved      { type: 'git',
98 silly install resolved        url: 'git+https://github.com/ncb000gt/node.bcrypt.js.git' },
98 silly install resolved     license: 'MIT',
98 silly install resolved     bugs: { url: 'https://github.com/ncb000gt/node.bcrypt.js/issues' },
98 silly install resolved     scripts:
98 silly install resolved      { test: 'node-gyp configure build && nodeunit test',
98 silly install resolved        install: 'node-gyp rebuild' },
98 silly install resolved     dependencies: { bindings: '1.2.1', nan: '2.3.5' },
98 silly install resolved     devDependencies: { nodeunit: '~0.9.1' },
98 silly install resolved     contributors:
98 silly install resolved      [ [Object],
98 silly install resolved        [Object],
98 silly install resolved        [Object],
98 silly install resolved        [Object],
98 silly install resolved        [Object],
98 silly install resolved        [Object],
98 silly install resolved        [Object],
98 silly install resolved        [Object],
98 silly install resolved        [Object],
98 silly install resolved        [Object],
98 silly install resolved        [Object],
98 silly install resolved        [Object],
98 silly install resolved        [Object],
98 silly install resolved        [Object] ],
98 silly install resolved     gypfile: true,
98 silly install resolved     gitHead: '0dc9b78dab6980d129b77d1df723aa44daa7deb4',
98 silly install resolved     homepage: 'https://github.com/ncb000gt/node.bcrypt.js#readme',
98 silly install resolved     _id: 'bcrypt@0.8.7',
98 silly install resolved     _shasum: 'bc3875a9afd0a7b2cd231a6a7f218a5ce156b093',
98 silly install resolved     _from: 'bcrypt@>=0.8.7 <0.9.0',
98 silly install resolved     _npmVersion: '3.8.9',
98 silly install resolved     _nodeVersion: '6.2.0',
98 silly install resolved     _npmUser: { name: 'defunctzombie', email: 'shtylman@gmail.com' },
98 silly install resolved     dist:
98 silly install resolved      { shasum: 'bc3875a9afd0a7b2cd231a6a7f218a5ce156b093',
98 silly install resolved        tarball: 'https://registry.npmjs.org/bcrypt/-/bcrypt-0.8.7.tgz' },
98 silly install resolved     maintainers: [ [Object], [Object], [Object], [Object] ],
98 silly install resolved     _npmOperationalInternal:
98 silly install resolved      { host: 'packages-12-west.internal.npmjs.com',
98 silly install resolved        tmp: 'tmp/bcrypt-0.8.7.tgz_1465526713712_0.05265477881766856' },
98 silly install resolved     directories: {},
98 silly install resolved     _resolved: 'https://registry.npmjs.org/bcrypt/-/bcrypt-0.8.7.tgz',
98 silly install resolved     readme: 'ERROR: No README data found!' } ]
99 info install bcrypt@0.8.7 into C:\Users\Daniel\documents\foos
100 info installOne bcrypt@0.8.7
101 verbose installOne of bcrypt to C:\Users\Daniel\documents\foos not in flight; installing
102 verbose correctMkdir C:\Users\Daniel\AppData\Roaming\npm-cache\_locks correctMkdir not in flight; initializing
103 verbose lock using C:\Users\Daniel\AppData\Roaming\npm-cache\_locks\bcrypt-bb4d55afbd0a46a0.lock for C:\Users\Daniel\documents\foos\node_modules\bcrypt
104 silly install write writing bcrypt 0.8.7 to C:\Users\Daniel\documents\foos\node_modules\bcrypt
105 verbose unbuild node_modules\bcrypt
106 silly gentlyRm C:\Users\Daniel\documents\foos\node_modules\bcrypt is being purged from base C:\Users\Daniel\documents\foos
107 verbose gentlyRm don't care about contents; nuking C:\Users\Daniel\documents\foos\node_modules\bcrypt
108 verbose tar unpack C:\Users\Daniel\AppData\Roaming\npm-cache\bcrypt\0.8.7\package.tgz
109 verbose tar unpacking to C:\Users\Daniel\documents\foos\node_modules\bcrypt
110 silly gentlyRm C:\Users\Daniel\documents\foos\node_modules\bcrypt is being purged
111 verbose gentlyRm don't care about contents; nuking C:\Users\Daniel\documents\foos\node_modules\bcrypt
112 silly gunzTarPerm modes [ '777', '666' ]
113 silly gunzTarPerm extractEntry package.json
114 silly gunzTarPerm modified mode [ 'package.json', 420, 438 ]
115 silly gunzTarPerm extractEntry .npmignore
116 silly gunzTarPerm modified mode [ '.npmignore', 420, 438 ]
117 silly gunzTarPerm extractEntry README.md
118 silly gunzTarPerm modified mode [ 'README.md', 420, 438 ]
119 silly gunzTarPerm extractEntry LICENSE
120 silly gunzTarPerm modified mode [ 'LICENSE', 420, 438 ]
121 silly gunzTarPerm extractEntry bcrypt.js
122 silly gunzTarPerm modified mode [ 'bcrypt.js', 420, 438 ]
123 silly gunzTarPerm extractEntry Makefile
124 silly gunzTarPerm modified mode [ 'Makefile', 420, 438 ]
125 silly gunzTarPerm extractEntry .travis.yml
126 silly gunzTarPerm modified mode [ '.travis.yml', 420, 438 ]
127 silly gunzTarPerm extractEntry CHANGELOG.md
128 silly gunzTarPerm modified mode [ 'CHANGELOG.md', 420, 438 ]
129 silly gunzTarPerm extractEntry binding.gyp
130 silly gunzTarPerm modified mode [ 'binding.gyp', 420, 438 ]
131 silly gunzTarPerm extractEntry examples/async_compare.js
132 silly gunzTarPerm modified mode [ 'examples/async_compare.js', 420, 438 ]
133 silly gunzTarPerm extractEntry examples/forever_gen_salt.js
134 silly gunzTarPerm modified mode [ 'examples/forever_gen_salt.js', 420, 438 ]
135 silly gunzTarPerm extractEntry test/async.js
136 silly gunzTarPerm modified mode [ 'test/async.js', 420, 438 ]
137 silly gunzTarPerm extractEntry test/repetitions.js
138 silly gunzTarPerm modified mode [ 'test/repetitions.js', 420, 438 ]
139 silly gunzTarPerm extractEntry test/sync.js
140 silly gunzTarPerm modified mode [ 'test/sync.js', 420, 438 ]
141 silly gunzTarPerm extractEntry ISSUE_TEMPLATE.md
142 silly gunzTarPerm modified mode [ 'ISSUE_TEMPLATE.md', 420, 438 ]
143 silly gunzTarPerm extractEntry src/bcrypt.cc
144 silly gunzTarPerm modified mode [ 'src/bcrypt.cc', 420, 438 ]
145 silly gunzTarPerm extractEntry src/bcrypt_node.cc
146 silly gunzTarPerm modified mode [ 'src/bcrypt_node.cc', 420, 438 ]
147 silly gunzTarPerm extractEntry src/blowfish.cc
148 silly gunzTarPerm modified mode [ 'src/blowfish.cc', 420, 438 ]
149 silly gunzTarPerm extractEntry src/node_blf.h
150 silly gunzTarPerm modified mode [ 'src/node_blf.h', 420, 438 ]
151 silly gunzTarPerm extractEntry werker.yml
152 silly gunzTarPerm modified mode [ 'werker.yml', 420, 438 ]
153 verbose write writing to C:\Users\Daniel\documents\foos\node_modules\bcrypt\package.json
154 info preinstall bcrypt@0.8.7
155 verbose readDependencies loading dependencies from C:\Users\Daniel\documents\foos\node_modules\bcrypt\package.json
156 silly prepareForInstallMany adding bindings@1.2.1 from bcrypt dependencies
157 silly prepareForInstallMany adding nan@2.3.5 from bcrypt dependencies
158 verbose readDependencies loading dependencies from C:\Users\Daniel\documents\foos\node_modules\bcrypt\package.json
159 silly cache add args [ 'bindings@1.2.1', null ]
160 verbose cache add spec bindings@1.2.1
161 silly cache add args [ 'nan@2.3.5', null ]
162 verbose cache add spec nan@2.3.5
163 silly cache add parsed spec Result {
163 silly cache add   raw: 'bindings@1.2.1',
163 silly cache add   scope: null,
163 silly cache add   name: 'bindings',
163 silly cache add   rawSpec: '1.2.1',
163 silly cache add   spec: '1.2.1',
163 silly cache add   type: 'version' }
164 silly addNamed bindings@1.2.1
165 verbose addNamed "1.2.1" is a plain semver version for bindings
166 silly mapToRegistry name bindings
167 silly mapToRegistry using default registry
168 silly mapToRegistry registry https://registry.npmjs.org/
169 silly mapToRegistry data Result {
169 silly mapToRegistry   raw: 'bindings',
169 silly mapToRegistry   scope: null,
169 silly mapToRegistry   name: 'bindings',
169 silly mapToRegistry   rawSpec: '',
169 silly mapToRegistry   spec: 'latest',
169 silly mapToRegistry   type: 'tag' }
170 silly mapToRegistry uri https://registry.npmjs.org/bindings
171 verbose addNameVersion registry:https://registry.npmjs.org/bindings not in flight; fetching
172 silly cache add parsed spec Result {
172 silly cache add   raw: 'nan@2.3.5',
172 silly cache add   scope: null,
172 silly cache add   name: 'nan',
172 silly cache add   rawSpec: '2.3.5',
172 silly cache add   spec: '2.3.5',
172 silly cache add   type: 'version' }
173 silly addNamed nan@2.3.5
174 verbose addNamed "2.3.5" is a plain semver version for nan
175 silly mapToRegistry name nan
176 silly mapToRegistry using default registry
177 silly mapToRegistry registry https://registry.npmjs.org/
178 silly mapToRegistry data Result {
178 silly mapToRegistry   raw: 'nan',
178 silly mapToRegistry   scope: null,
178 silly mapToRegistry   name: 'nan',
178 silly mapToRegistry   rawSpec: '',
178 silly mapToRegistry   spec: 'latest',
178 silly mapToRegistry   type: 'tag' }
179 silly mapToRegistry uri https://registry.npmjs.org/nan
180 verbose addNameVersion registry:https://registry.npmjs.org/nan not in flight; fetching
181 verbose request uri https://registry.npmjs.org/bindings
182 verbose request no auth needed
183 info attempt registry request try #1 at 4:07:23 PM
184 verbose etag "33TX4J3DNTGF7K41ZUV6OA182"
185 http request GET https://registry.npmjs.org/bindings
186 verbose request uri https://registry.npmjs.org/nan
187 verbose request no auth needed
188 info attempt registry request try #1 at 4:07:23 PM
189 verbose etag "2E1V908MEG33STFNV1760SLVP"
190 http request GET https://registry.npmjs.org/nan
191 http 304 https://registry.npmjs.org/bindings
192 verbose headers { date: 'Fri, 22 Jul 2016 22:07:20 GMT',
192 verbose headers   via: '1.1 varnish',
192 verbose headers   'cache-control': 'max-age=300',
192 verbose headers   etag: '"33TX4J3DNTGF7K41ZUV6OA182"',
192 verbose headers   age: '69',
192 verbose headers   connection: 'keep-alive',
192 verbose headers   'x-served-by': 'cache-ord1736-ORD',
192 verbose headers   'x-cache': 'HIT',
192 verbose headers   'x-cache-hits': '2',
192 verbose headers   'x-timer': 'S1469225240.471794,VS0,VE0',
192 verbose headers   vary: 'Accept-Encoding' }
193 silly get cb [ 304,
193 silly get   { date: 'Fri, 22 Jul 2016 22:07:20 GMT',
193 silly get     via: '1.1 varnish',
193 silly get     'cache-control': 'max-age=300',
193 silly get     etag: '"33TX4J3DNTGF7K41ZUV6OA182"',
193 silly get     age: '69',
193 silly get     connection: 'keep-alive',
193 silly get     'x-served-by': 'cache-ord1736-ORD',
193 silly get     'x-cache': 'HIT',
193 silly get     'x-cache-hits': '2',
193 silly get     'x-timer': 'S1469225240.471794,VS0,VE0',
193 silly get     vary: 'Accept-Encoding' } ]
194 verbose etag https://registry.npmjs.org/bindings from cache
195 verbose get saving bindings to C:\Users\Daniel\AppData\Roaming\npm-cache\registry.npmjs.org\bindings\.cache.json
196 verbose correctMkdir C:\Users\Daniel\AppData\Roaming\npm-cache correctMkdir not in flight; initializing
197 silly cache afterAdd bindings@1.2.1
198 verbose afterAdd C:\Users\Daniel\AppData\Roaming\npm-cache\bindings\1.2.1\package\package.json not in flight; writing
199 verbose correctMkdir C:\Users\Daniel\AppData\Roaming\npm-cache correctMkdir not in flight; initializing
200 verbose afterAdd C:\Users\Daniel\AppData\Roaming\npm-cache\bindings\1.2.1\package\package.json written
201 http 304 https://registry.npmjs.org/nan
202 verbose headers { date: 'Fri, 22 Jul 2016 22:07:20 GMT',
202 verbose headers   via: '1.1 varnish',
202 verbose headers   'cache-control': 'max-age=300',
202 verbose headers   etag: '"2E1V908MEG33STFNV1760SLVP"',
202 verbose headers   age: '72',
202 verbose headers   connection: 'keep-alive',
202 verbose headers   'x-served-by': 'cache-ord1723-ORD',
202 verbose headers   'x-cache': 'HIT',
202 verbose headers   'x-cache-hits': '2',
202 verbose headers   'x-timer': 'S1469225240.551352,VS0,VE0',
202 verbose headers   vary: 'Accept-Encoding' }
203 silly get cb [ 304,
203 silly get   { date: 'Fri, 22 Jul 2016 22:07:20 GMT',
203 silly get     via: '1.1 varnish',
203 silly get     'cache-control': 'max-age=300',
203 silly get     etag: '"2E1V908MEG33STFNV1760SLVP"',
203 silly get     age: '72',
203 silly get     connection: 'keep-alive',
203 silly get     'x-served-by': 'cache-ord1723-ORD',
203 silly get     'x-cache': 'HIT',
203 silly get     'x-cache-hits': '2',
203 silly get     'x-timer': 'S1469225240.551352,VS0,VE0',
203 silly get     vary: 'Accept-Encoding' } ]
204 verbose etag https://registry.npmjs.org/nan from cache
205 verbose get saving nan to C:\Users\Daniel\AppData\Roaming\npm-cache\registry.npmjs.org\nan\.cache.json
206 verbose correctMkdir C:\Users\Daniel\AppData\Roaming\npm-cache correctMkdir not in flight; initializing
207 silly cache afterAdd nan@2.3.5
208 verbose afterAdd C:\Users\Daniel\AppData\Roaming\npm-cache\nan\2.3.5\package\package.json not in flight; writing
209 verbose correctMkdir C:\Users\Daniel\AppData\Roaming\npm-cache correctMkdir not in flight; initializing
210 verbose afterAdd C:\Users\Daniel\AppData\Roaming\npm-cache\nan\2.3.5\package\package.json written
211 silly install resolved [ { name: 'bindings',
211 silly install resolved     description: 'Helper module for loading your native module\'s .node file',
211 silly install resolved     keywords: [ 'native', 'addon', 'bindings', 'gyp', 'waf', 'c', 'c++' ],
211 silly install resolved     version: '1.2.1',
211 silly install resolved     author:
211 silly install resolved      { name: 'Nathan Rajlich',
211 silly install resolved        email: 'nathan@tootallnate.net',
211 silly install resolved        url: 'http://tootallnate.net' },
211 silly install resolved     repository:
211 silly install resolved      { type: 'git',
211 silly install resolved        url: 'git://github.com/TooTallNate/node-bindings.git' },
211 silly install resolved     main: './bindings.js',
211 silly install resolved     bugs: { url: 'https://github.com/TooTallNate/node-bindings/issues' },
211 silly install resolved     homepage: 'https://github.com/TooTallNate/node-bindings',
211 silly install resolved     license: 'MIT',
211 silly install resolved     gitHead: 'e404152ee27f8478ccbc7122ee051246e8e5ec02',
211 silly install resolved     _id: 'bindings@1.2.1',
211 silly install resolved     scripts: {},
211 silly install resolved     _shasum: '14ad6113812d2d37d72e67b4cacb4bb726505f11',
211 silly install resolved     _from: 'bindings@1.2.1',
211 silly install resolved     _npmVersion: '1.4.14',
211 silly install resolved     _npmUser: { name: 'tootallnate', email: 'nathan@tootallnate.net' },
211 silly install resolved     maintainers: [ [Object], [Object] ],
211 silly install resolved     dist:
211 silly install resolved      { shasum: '14ad6113812d2d37d72e67b4cacb4bb726505f11',
211 silly install resolved        tarball: 'https://registry.npmjs.org/bindings/-/bindings-1.2.1.tgz' },
211 silly install resolved     directories: {},
211 silly install resolved     _resolved: 'https://registry.npmjs.org/bindings/-/bindings-1.2.1.tgz',
211 silly install resolved     readme: 'ERROR: No README data found!' },
211 silly install resolved   { name: 'nan',
211 silly install resolved     version: '2.3.5',
211 silly install resolved     description: 'Native Abstractions for Node.js: C++ header for Node 0.8 -> 6 compatibility',
211 silly install resolved     main: 'include_dirs.js',
211 silly install resolved     repository: { type: 'git', url: 'git://github.com/nodejs/nan.git' },
211 silly install resolved     scripts:
211 silly install resolved      { test: 'tap --gc --stderr test/js/*-test.js',
211 silly install resolved        'rebuild-tests': 'node-gyp rebuild --msvs_version=2013 --directory test',
211 silly install resolved        docs: 'doc/.build.sh' },
211 silly install resolved     contributors:
211 silly install resolved      [ [Object],
211 silly install resolved        [Object],
211 silly install resolved        [Object],
211 silly install resolved        [Object],
211 silly install resolved        [Object],
211 silly install resolved        [Object],
211 silly install resolved        [Object] ],
211 silly install resolved     devDependencies:
211 silly install resolved      { bindings: '~1.2.1',
211 silly install resolved        commander: '^2.8.1',
211 silly install resolved        glob: '^5.0.14',
211 silly install resolved        'node-gyp': '~3.0.1',
211 silly install resolved        tap: '~0.7.1',
211 silly install resolved        xtend: '~4.0.0' },
211 silly install resolved     license: 'MIT',
211 silly install resolved     bugs: { url: 'https://github.com/nodejs/nan/issues' },
211 silly install resolved     homepage: 'https://github.com/nodejs/nan#readme',
211 silly install resolved     _id: 'nan@2.3.5',
211 silly install resolved     _shasum: '822a0dc266290ce4cd3a12282ca3e7e364668a08',
211 silly install resolved     _resolved: 'https://registry.npmjs.org/nan/-/nan-2.3.5.tgz',
211 silly install resolved     _from: 'nan@2.3.5',
211 silly install resolved     _npmVersion: '3.3.6',
211 silly install resolved     _nodeVersion: '5.0.0',
211 silly install resolved     _npmUser: { name: 'kkoopa', email: 'bbyholm@abo.fi' },
211 silly install resolved     dist:
211 silly install resolved      { shasum: '822a0dc266290ce4cd3a12282ca3e7e364668a08',
211 silly install resolved        tarball: 'https://registry.npmjs.org/nan/-/nan-2.3.5.tgz' },
211 silly install resolved     maintainers: [ [Object], [Object] ],
211 silly install resolved     _npmOperationalInternal:
211 silly install resolved      { host: 'packages-12-west.internal.npmjs.com',
211 silly install resolved        tmp: 'tmp/nan-2.3.5.tgz_1464707164994_0.4295874561648816' },
211 silly install resolved     directories: {},
211 silly install resolved     readme: 'ERROR: No README data found!' } ]
212 info install bindings@1.2.1 into C:\Users\Daniel\documents\foos\node_modules\bcrypt
213 info install nan@2.3.5 into C:\Users\Daniel\documents\foos\node_modules\bcrypt
214 info installOne bindings@1.2.1
215 verbose installOne of bindings to C:\Users\Daniel\documents\foos\node_modules\bcrypt not in flight; installing
216 verbose correctMkdir C:\Users\Daniel\AppData\Roaming\npm-cache\_locks correctMkdir not in flight; initializing
217 info installOne nan@2.3.5
218 verbose installOne of nan to C:\Users\Daniel\documents\foos\node_modules\bcrypt not in flight; installing
219 verbose correctMkdir C:\Users\Daniel\AppData\Roaming\npm-cache\_locks correctMkdir not in flight; initializing
220 verbose lock using C:\Users\Daniel\AppData\Roaming\npm-cache\_locks\nan-05b6bb73b5eee291.lock for C:\Users\Daniel\documents\foos\node_modules\bcrypt\node_modules\nan
221 verbose lock using C:\Users\Daniel\AppData\Roaming\npm-cache\_locks\bindings-736986ff1d68180c.lock for C:\Users\Daniel\documents\foos\node_modules\bcrypt\node_modules\bindings
222 silly install write writing nan 2.3.5 to C:\Users\Daniel\documents\foos\node_modules\bcrypt\node_modules\nan
223 silly install write writing bindings 1.2.1 to C:\Users\Daniel\documents\foos\node_modules\bcrypt\node_modules\bindings
224 verbose unbuild node_modules\bcrypt\node_modules\nan
225 verbose unbuild node_modules\bcrypt\node_modules\bindings
226 silly gentlyRm C:\Users\Daniel\documents\foos\node_modules\bcrypt\node_modules\nan is being purged from base C:\Users\Daniel\documents\foos
227 verbose gentlyRm don't care about contents; nuking C:\Users\Daniel\documents\foos\node_modules\bcrypt\node_modules\nan
228 silly gentlyRm C:\Users\Daniel\documents\foos\node_modules\bcrypt\node_modules\bindings is being purged from base C:\Users\Daniel\documents\foos
229 verbose gentlyRm don't care about contents; nuking C:\Users\Daniel\documents\foos\node_modules\bcrypt\node_modules\bindings
230 verbose tar unpack C:\Users\Daniel\AppData\Roaming\npm-cache\nan\2.3.5\package.tgz
231 verbose tar unpacking to C:\Users\Daniel\documents\foos\node_modules\bcrypt\node_modules\nan
232 silly gentlyRm C:\Users\Daniel\documents\foos\node_modules\bcrypt\node_modules\nan is being purged
233 verbose gentlyRm don't care about contents; nuking C:\Users\Daniel\documents\foos\node_modules\bcrypt\node_modules\nan
234 verbose tar unpack C:\Users\Daniel\AppData\Roaming\npm-cache\bindings\1.2.1\package.tgz
235 verbose tar unpacking to C:\Users\Daniel\documents\foos\node_modules\bcrypt\node_modules\bindings
236 silly gentlyRm C:\Users\Daniel\documents\foos\node_modules\bcrypt\node_modules\bindings is being purged
237 verbose gentlyRm don't care about contents; nuking C:\Users\Daniel\documents\foos\node_modules\bcrypt\node_modules\bindings
238 silly gunzTarPerm modes [ '777', '666' ]
239 silly gunzTarPerm modes [ '777', '666' ]
240 silly gunzTarPerm extractEntry package.json
241 silly gunzTarPerm modified mode [ 'package.json', 420, 438 ]
242 silly gunzTarPerm extractEntry package.json
243 silly gunzTarPerm modified mode [ 'package.json', 436, 438 ]
244 silly gunzTarPerm extractEntry README.md
245 silly gunzTarPerm modified mode [ 'README.md', 420, 438 ]
246 silly gunzTarPerm extractEntry bindings.js
247 silly gunzTarPerm modified mode [ 'bindings.js', 420, 438 ]
248 silly gunzTarPerm extractEntry README.md
249 silly gunzTarPerm modified mode [ 'README.md', 436, 438 ]
250 silly gunzTarPerm extractEntry include_dirs.js
251 silly gunzTarPerm modified mode [ 'include_dirs.js', 436, 438 ]
252 silly gunzTarPerm extractEntry nan_converters.h
253 silly gunzTarPerm modified mode [ 'nan_converters.h', 436, 438 ]
254 silly gunzTarPerm extractEntry LICENSE.md
255 silly gunzTarPerm modified mode [ 'LICENSE.md', 436, 438 ]
256 silly gunzTarPerm extractEntry doc/node_misc.md
257 silly gunzTarPerm modified mode [ 'doc/node_misc.md', 436, 438 ]
258 silly gunzTarPerm extractEntry doc/asyncworker.md
259 silly gunzTarPerm modified mode [ 'doc/asyncworker.md', 436, 438 ]
260 silly gunzTarPerm extractEntry doc/callback.md
261 silly gunzTarPerm modified mode [ 'doc/callback.md', 436, 438 ]
262 silly gunzTarPerm extractEntry doc/converters.md
263 silly gunzTarPerm modified mode [ 'doc/converters.md', 436, 438 ]
264 silly gunzTarPerm extractEntry doc/errors.md
265 silly gunzTarPerm modified mode [ 'doc/errors.md', 436, 438 ]
266 silly gunzTarPerm extractEntry doc/maybe_types.md
267 silly gunzTarPerm modified mode [ 'doc/maybe_types.md', 436, 438 ]
268 verbose write writing to C:\Users\Daniel\documents\foos\node_modules\bcrypt\node_modules\bindings\package.json
269 silly gunzTarPerm extractEntry doc/methods.md
270 silly gunzTarPerm modified mode [ 'doc/methods.md', 436, 438 ]
271 silly gunzTarPerm extractEntry doc/new.md
272 silly gunzTarPerm modified mode [ 'doc/new.md', 436, 438 ]
273 info preinstall bindings@1.2.1
274 verbose readDependencies loading dependencies from C:\Users\Daniel\documents\foos\node_modules\bcrypt\node_modules\bindings\package.json
275 silly gunzTarPerm extractEntry doc/buffers.md
276 silly gunzTarPerm modified mode [ 'doc/buffers.md', 436, 438 ]
277 silly gunzTarPerm extractEntry doc/object_wrappers.md
278 silly gunzTarPerm modified mode [ 'doc/object_wrappers.md', 436, 438 ]
279 verbose readDependencies loading dependencies from C:\Users\Daniel\documents\foos\node_modules\bcrypt\node_modules\bindings\package.json
280 silly install resolved []
281 verbose about to build C:\Users\Daniel\documents\foos\node_modules\bcrypt\node_modules\bindings
282 info build C:\Users\Daniel\documents\foos\node_modules\bcrypt\node_modules\bindings
283 info linkStuff bindings@1.2.1
284 silly linkStuff bindings@1.2.1 has C:\Users\Daniel\documents\foos\node_modules\bcrypt\node_modules as its parent node_modules
285 verbose linkBins bindings@1.2.1
286 verbose linkMans bindings@1.2.1
287 verbose rebuildBundles bindings@1.2.1
288 silly gunzTarPerm extractEntry doc/persistent.md
289 silly gunzTarPerm modified mode [ 'doc/persistent.md', 436, 438 ]
290 silly gunzTarPerm extractEntry doc/scopes.md
291 silly gunzTarPerm modified mode [ 'doc/scopes.md', 436, 438 ]
292 info install bindings@1.2.1
293 info postinstall bindings@1.2.1
294 verbose unlock done using C:\Users\Daniel\AppData\Roaming\npm-cache\_locks\bindings-736986ff1d68180c.lock for C:\Users\Daniel\documents\foos\node_modules\bcrypt\node_modules\bindings
295 silly gunzTarPerm extractEntry doc/script.md
296 silly gunzTarPerm modified mode [ 'doc/script.md', 436, 438 ]
297 silly gunzTarPerm extractEntry doc/string_bytes.md
298 silly gunzTarPerm modified mode [ 'doc/string_bytes.md', 436, 438 ]
299 silly gunzTarPerm extractEntry doc/v8_internals.md
300 silly gunzTarPerm modified mode [ 'doc/v8_internals.md', 436, 438 ]
301 silly gunzTarPerm extractEntry doc/v8_misc.md
302 silly gunzTarPerm modified mode [ 'doc/v8_misc.md', 436, 438 ]
303 silly gunzTarPerm extractEntry nan.h
304 silly gunzTarPerm modified mode [ 'nan.h', 436, 438 ]
305 silly gunzTarPerm extractEntry nan_callbacks.h
306 silly gunzTarPerm modified mode [ 'nan_callbacks.h', 436, 438 ]
307 silly gunzTarPerm extractEntry nan_callbacks_12_inl.h
308 silly gunzTarPerm modified mode [ 'nan_callbacks_12_inl.h', 436, 438 ]
309 silly gunzTarPerm extractEntry nan_callbacks_pre_12_inl.h
310 silly gunzTarPerm modified mode [ 'nan_callbacks_pre_12_inl.h', 436, 438 ]
311 silly gunzTarPerm extractEntry nan_converters_43_inl.h
312 silly gunzTarPerm modified mode [ 'nan_converters_43_inl.h', 436, 438 ]
313 silly gunzTarPerm extractEntry nan_converters_pre_43_inl.h
314 silly gunzTarPerm modified mode [ 'nan_converters_pre_43_inl.h', 436, 438 ]
315 silly gunzTarPerm extractEntry nan_implementation_12_inl.h
316 silly gunzTarPerm modified mode [ 'nan_implementation_12_inl.h', 436, 438 ]
317 silly gunzTarPerm extractEntry nan_implementation_pre_12_inl.h
318 silly gunzTarPerm modified mode [ 'nan_implementation_pre_12_inl.h', 436, 438 ]
319 silly gunzTarPerm extractEntry nan_maybe_43_inl.h
320 silly gunzTarPerm modified mode [ 'nan_maybe_43_inl.h', 436, 438 ]
321 silly gunzTarPerm extractEntry nan_maybe_pre_43_inl.h
322 silly gunzTarPerm modified mode [ 'nan_maybe_pre_43_inl.h', 436, 438 ]
323 silly gunzTarPerm extractEntry nan_new.h
324 silly gunzTarPerm modified mode [ 'nan_new.h', 436, 438 ]
325 silly gunzTarPerm extractEntry nan_object_wrap.h
326 silly gunzTarPerm modified mode [ 'nan_object_wrap.h', 436, 438 ]
327 silly gunzTarPerm extractEntry nan_persistent_12_inl.h
328 silly gunzTarPerm modified mode [ 'nan_persistent_12_inl.h', 436, 438 ]
329 silly gunzTarPerm extractEntry nan_persistent_pre_12_inl.h
330 silly gunzTarPerm modified mode [ 'nan_persistent_pre_12_inl.h', 436, 438 ]
331 silly gunzTarPerm extractEntry nan_string_bytes.h
332 silly gunzTarPerm modified mode [ 'nan_string_bytes.h', 436, 438 ]
333 silly gunzTarPerm extractEntry nan_typedarray_contents.h
334 silly gunzTarPerm modified mode [ 'nan_typedarray_contents.h', 436, 438 ]
335 silly gunzTarPerm extractEntry nan_weak.h
336 silly gunzTarPerm modified mode [ 'nan_weak.h', 436, 438 ]
337 silly gunzTarPerm extractEntry CHANGELOG.md
338 silly gunzTarPerm modified mode [ 'CHANGELOG.md', 436, 438 ]
339 silly gunzTarPerm extractEntry tools/package.json
340 silly gunzTarPerm modified mode [ 'tools/package.json', 436, 438 ]
341 silly gunzTarPerm extractEntry tools/README.md
342 silly gunzTarPerm modified mode [ 'tools/README.md', 436, 438 ]
343 silly gunzTarPerm extractEntry tools/1to2.js
344 silly gunzTarPerm modified mode [ 'tools/1to2.js', 509, 511 ]
345 verbose write writing to C:\Users\Daniel\documents\foos\node_modules\bcrypt\node_modules\nan\package.json
346 info preinstall nan@2.3.5
347 verbose readDependencies loading dependencies from C:\Users\Daniel\documents\foos\node_modules\bcrypt\node_modules\nan\package.json
348 verbose readDependencies loading dependencies from C:\Users\Daniel\documents\foos\node_modules\bcrypt\node_modules\nan\package.json
349 silly install resolved []
350 verbose about to build C:\Users\Daniel\documents\foos\node_modules\bcrypt\node_modules\nan
351 info build C:\Users\Daniel\documents\foos\node_modules\bcrypt\node_modules\nan
352 info linkStuff nan@2.3.5
353 silly linkStuff nan@2.3.5 has C:\Users\Daniel\documents\foos\node_modules\bcrypt\node_modules as its parent node_modules
354 verbose linkBins nan@2.3.5
355 verbose linkMans nan@2.3.5
356 verbose rebuildBundles nan@2.3.5
357 info install nan@2.3.5
358 info postinstall nan@2.3.5
359 verbose unlock done using C:\Users\Daniel\AppData\Roaming\npm-cache\_locks\nan-05b6bb73b5eee291.lock for C:\Users\Daniel\documents\foos\node_modules\bcrypt\node_modules\nan
360 verbose about to build C:\Users\Daniel\documents\foos\node_modules\bcrypt
361 info build C:\Users\Daniel\documents\foos\node_modules\bcrypt
362 info linkStuff bcrypt@0.8.7
363 silly linkStuff bcrypt@0.8.7 has C:\Users\Daniel\documents\foos\node_modules as its parent node_modules
364 verbose linkBins bcrypt@0.8.7
365 verbose linkMans bcrypt@0.8.7
366 verbose rebuildBundles bcrypt@0.8.7
367 verbose rebuildBundles [ 'bindings', 'nan' ]
368 info install bcrypt@0.8.7
369 verbose unsafe-perm in lifecycle true
370 info bcrypt@0.8.7 Failed to exec install script
371 verbose unlock done using C:\Users\Daniel\AppData\Roaming\npm-cache\_locks\bcrypt-bb4d55afbd0a46a0.lock for C:\Users\Daniel\documents\foos\node_modules\bcrypt
372 verbose stack Error: bcrypt@0.8.7 install: `node-gyp rebuild`
372 verbose stack Exit status 1
372 verbose stack     at EventEmitter.<anonymous> (C:\Program Files\nodejs\node_modules\npm\lib\utils\lifecycle.js:217:16)
372 verbose stack     at emitTwo (events.js:87:13)
372 verbose stack     at EventEmitter.emit (events.js:172:7)
372 verbose stack     at ChildProcess.<anonymous> (C:\Program Files\nodejs\node_modules\npm\lib\utils\spawn.js:24:14)
372 verbose stack     at emitTwo (events.js:87:13)
372 verbose stack     at ChildProcess.emit (events.js:172:7)
372 verbose stack     at maybeClose (internal/child_process.js:827:16)
372 verbose stack     at Process.ChildProcess._handle.onexit (internal/child_process.js:211:5)
373 verbose pkgid bcrypt@0.8.7
374 verbose cwd C:\Users\Daniel\documents\foos
375 error Windows_NT 10.0.10586
376 error argv "C:\\Program Files\\nodejs\\node.exe" "C:\\Program Files\\nodejs\\node_modules\\npm\\bin\\npm-cli.js" "install"
377 error node v4.4.3
378 error npm  v2.15.1
379 error code ELIFECYCLE
380 error bcrypt@0.8.7 install: `node-gyp rebuild`
380 error Exit status 1
381 error Failed at the bcrypt@0.8.7 install script 'node-gyp rebuild'.
381 error This is most likely a problem with the bcrypt package,
381 error not with npm itself.
381 error Tell the author that this fails on your system:
381 error     node-gyp rebuild
381 error You can get information on how to open an issue for this project with:
381 error     npm bugs bcrypt
381 error Or if that isn't available, you can get their info via:
381 error
381 error     npm owner ls bcrypt
381 error There is likely additional logging output above.
382 verbose exit [ 1, true ]
383 verbose unbuild node_modules\bcrypt
384 info preuninstall bcrypt@0.8.7
385 info uninstall bcrypt@0.8.7
386 verbose unbuild rmStuff bcrypt@0.8.7 from C:\Users\Daniel\documents\foos\node_modules
387 info postuninstall bcrypt@0.8.7
388 silly gentlyRm C:\Users\Daniel\documents\foos\node_modules\bcrypt is being purged from base C:\Users\Daniel\documents\foos
389 verbose gentlyRm don't care about contents; nuking C:\Users\Daniel\documents\foos\node_modules\bcrypt
390 silly vacuum-fs purging C:\Users\Daniel\documents\foos\node_modules\bcrypt
391 silly vacuum-fs quitting because other entries in C:\Users\Daniel\documents\foos\node_modules
